<?xml version="1.0" encoding="UTF-8"?>
<!-- Generated by org.testng.reporters.JUnitXMLReporter -->
<testsuite ignored="1" hostname="DESKTOP-6QCP0R9" failures="1" tests="5" name="Test" time="21.974" errors="0" timestamp="2023-07-06T23:27:16 IST">
  <testcase classname="OrangeHRM.Loginpagetest" name="loginfunctionality" time="2.845"/>
  <testcase classname="OrangeHRM.Pimpagetest" name="validateuserpimpage" time="5.984"/>
  <testcase classname="OrangeHRM.Pimpagetest" name="validatenewuser" time="0.0">
    <failure type="org.testng.TestNGException" message="
Parameter &amp;apos;middlen&amp;apos; is required by @Test on method validatenewuser but has not been marked @Optional or defined
in C:\Users\18134\eclipse-workspace\Seleniumtutorial\testng.xml">
      <![CDATA[org.testng.TestNGException: 
Parameter 'middlen' is required by @Test on method validatenewuser but has not been marked @Optional or defined
in C:\Users\18134\eclipse-workspace\Seleniumtutorial\testng.xml
at java.base/java.util.ArrayList.forEach(ArrayList.java:1511)
... Removed 26 stack frames]]>
    </failure>
  </testcase> <!-- validatenewuser -->
  <testcase classname="OrangeHRM.Homepagetest" name="validateHomePageTitle" time="0.045"/>
  <testcase classname="OrangeHRM.Homepagetest" name="validateHomePageUrl" time="0.017"/>
  <testcase classname="OrangeHRM.Pimpagetest" name="addmoredetails" time="0.0">
    <ignored/>
  </testcase> <!-- addmoredetails -->
</testsuite> <!-- Test -->
